Sender: LSF System <lsfadmin@xc06n05>
Subject: Job 837141: <N2> in cluster <xdft1> Done

Job <N2> was submitted from host <xn01> by user <srwang> in cluster <xdft1> at Thu Sep 16 17:22:57 2021
Job was executed on host(s) <4*xc06n05>, in queue <small>, as user <srwang> in cluster <xdft1> at Thu Sep 16 17:22:57 2021
</share/home/srwang> was used as the home directory.
</share/home/srwang/pyAutoMR/examples/guess> was used as the working directory.
Started at Thu Sep 16 17:22:57 2021
Terminated at Thu Sep 16 17:23:00 2021
Results reported at Thu Sep 16 17:23:00 2021

Your job looked like:

------------------------------------------------------------
# LSBATCH: User input
#BSUB -J N2 
#BSUB -n 4
#BSUB -R span[ptile=24]
#BSUB -q small  

#BSUB -o N2-%J.out

export NPROC=4
export g16root=/share/apps/gaussian/G16B01/AVX2
. /share/apps/gaussian/G16B01/AVX2/g16/bsd/g16.profile
cd /share/home/srwang/pyAutoMR/examples/guess
/share/apps/scripts/g16 N2.gjf

------------------------------------------------------------

Successfully completed.

Resource usage summary:

    CPU time :                                   5.81 sec.
    Max Memory :                                 204 MB
    Average Memory :                             204.00 MB
    Total Requested Memory :                     -
    Delta Memory :                               -
    Max Swap :                                   -
    Max Processes :                              6
    Max Threads :                                10
    Run time :                                   2 sec.
    Turnaround time :                            3 sec.

The output (if any) follows:

prog: /share/apps/scripts/g16
scratch directory: /scratch/scr/srwang/xc06n05/202109161722.152681
job starting at Thu Sep 16 17:22:57 CST 2021
Will use up to 4 processors.
copying checkpoint file: /share/home/srwang/pyAutoMR/examples/guess/N2.chk /scratch/scr/srwang/xc06n05/202109161722.152681/
clearing temporary files ...done.
Saving remaining files ...done.
job finished at Thu Sep 16 17:22:59 CST 2021
